  main.cpp
D:\Documents\Eigen\Eigen\src\Core\arch\Default\Half.h(1,1): warning C4819: 该文件包含不能在当前代码页(936)中表示的字符。请将该文件保存为 Unicode 格式以防止数据丢失
D:\Documents\Eigen\Eigen\src\Core\arch\Default\BFloat16.h(1,1): warning C4819: 该文件包含不能在当前代码页(936)中表示的字符。请将该文件保存为 Unicode 格式以防止数据丢失
D:\Documents\Eigen\Eigen\src\Core\arch\Default\GenericPacketMathFunctions.h(676,1): warning C4819: 该文件包含不能在当前代码页(936)中表示的字符。请将该文件保存为 Unicode 格式以防止数据丢失
  The contents of <format> are available only with C++20 or later.
D:\Documents\Work\Learning\C++\GAMES101\HomeWork1\HomeWork1\main.cpp(31,22): warning C4244: “参数”: 从“double”转换到“const float”，可能丢失数据
D:\Documents\Work\Learning\C++\GAMES101\HomeWork1\HomeWork1\main.cpp(31,54): warning C4244: “参数”: 从“double”转换到“const float”，可能丢失数据
D:\Documents\Work\Learning\C++\GAMES101\HomeWork1\HomeWork1\main.cpp(32,22): warning C4244: “参数”: 从“double”转换到“const float”，可能丢失数据
D:\Documents\Work\Learning\C++\GAMES101\HomeWork1\HomeWork1\main.cpp(32,62): warning C4244: “参数”: 从“double”转换到“const float”，可能丢失数据
D:\Documents\Work\Learning\C++\GAMES101\HomeWork1\HomeWork1\main.cpp(62,18): warning C4244: “参数”: 从“double”转换到“const float”，可能丢失数据
D:\Documents\Work\Learning\C++\GAMES101\HomeWork1\HomeWork1\main.cpp(63,21): warning C4244: “参数”: 从“double”转换到“const float”，可能丢失数据
D:\Documents\Work\Learning\C++\GAMES101\HomeWork1\HomeWork1\main.cpp(66,24): warning C4244: “参数”: 从“double”转换到“const float”，可能丢失数据
D:\Documents\Work\Learning\C++\GAMES101\HomeWork1\HomeWork1\main.cpp(67,24): warning C4244: “参数”: 从“double”转换到“const float”，可能丢失数据
D:\Documents\Work\Learning\C++\GAMES101\HomeWork1\HomeWork1\main.cpp(68,24): warning C4244: “参数”: 从“double”转换到“const float”，可能丢失数据
D:\Documents\Work\Learning\C++\GAMES101\HomeWork1\HomeWork1\main.cpp(84,17): warning C4244: “初始化”: 从“double”转换到“float”，可能丢失数据
D:\Documents\Work\Learning\C++\GAMES101\HomeWork1\HomeWork1\main.cpp(84,47): warning C4244: “初始化”: 从“double”转换到“float”，可能丢失数据
D:\Documents\Work\Learning\C++\GAMES101\HomeWork1\HomeWork1\main.cpp(84,78): warning C4244: “初始化”: 从“double”转换到“float”，可能丢失数据
D:\Documents\Work\Learning\C++\GAMES101\HomeWork1\HomeWork1\main.cpp(107,22): warning C4244: “参数”: 从“double”转换到“const float”，可能丢失数据
D:\Documents\Work\Learning\C++\GAMES101\HomeWork1\HomeWork1\main.cpp(107,45): warning C4244: “参数”: 从“double”转换到“const float”，可能丢失数据
D:\Documents\Work\Learning\C++\GAMES101\HomeWork1\HomeWork1\main.cpp(108,12): warning C4244: “参数”: 从“double”转换到“const float”，可能丢失数据
D:\Documents\Work\Learning\C++\GAMES101\HomeWork1\HomeWork1\main.cpp(108,38): warning C4244: “参数”: 从“double”转换到“const float”，可能丢失数据
D:\Documents\Work\Learning\C++\GAMES101\HomeWork1\HomeWork1\main.cpp(151,62): warning C4305: “参数”: 从“double”到“float”截断
D:\Documents\Work\Learning\C++\GAMES101\HomeWork1\HomeWork1\main.cpp(169,62): warning C4305: “参数”: 从“double”到“float”截断
  正在生成代码
  1 of 1122 functions (<0.1%) were compiled, the rest were copied from previous compilation.
    0 functions were new in current compilation
    55 functions had inline decision re-evaluated but remain unchanged
  已完成代码的生成
  HomeWork1.vcxproj -> D:\Documents\Work\Learning\C++\GAMES101\HomeWork1\x64\Release\HomeWork1.exe
